<?xml version="1.0" encoding="UTF-8"?>
<coverage generated="1566996302138" clover="3.2.0">
  <project timestamp="1566996302138" name="All files">
    <metrics statements="109" coveredstatements="87" conditionals="36" coveredconditionals="26" methods="36" coveredmethods="29" elements="181" coveredelements="142" complexity="0" loc="109" ncloc="109" packages="9" files="18" classes="18"/>
    <package name="src">
      <metrics statements="2" coveredstatements="2" conditionals="0" coveredconditionals="0" methods="1" coveredmethods="1"/>
      <file name="App.js" path="/Users/olorunwalawrence/Desktop/banka-frontend/src/App.js">
        <metrics statements="2" coveredstatements="2" conditionals="0" coveredconditionals="0" methods="1" coveredmethods="1"/>
        <line num="5" count="1" type="stmt"/>
        <line num="7" count="3" type="stmt"/>
      </file>
    </package>
    <package name="src.components">
      <metrics statements="10" coveredstatements="8" conditionals="2" coveredconditionals="0" methods="3" coveredmethods="2"/>
      <file name="header.js" path="/Users/olorunwalawrence/Desktop/banka-frontend/src/components/header.js">
        <metrics statements="8" coveredstatements="6" conditionals="2" coveredconditionals="0" methods="3" coveredmethods="2"/>
        <line num="7" count="5" type="stmt"/>
        <line num="8" count="5" type="stmt"/>
        <line num="17" count="5" type="stmt"/>
        <line num="18" count="0" type="stmt"/>
        <line num="19" count="0" type="cond" truecount="0" falsecount="2"/>
        <line num="21" count="5" type="stmt"/>
        <line num="22" count="5" type="stmt"/>
        <line num="39" count="5" type="stmt"/>
      </file>
      <file name="styles.js" path="/Users/olorunwalawrence/Desktop/banka-frontend/src/components/styles.js">
        <metrics statements="2" coveredstatements="2" conditionals="0" coveredconditionals="0" methods="0" coveredmethods="0"/>
        <line num="1" count="5" type="stmt"/>
        <line num="5" count="5" type="stmt"/>
      </file>
    </package>
    <package name="src.components.login">
      <metrics statements="27" coveredstatements="19" conditionals="12" coveredconditionals="9" methods="7" coveredmethods="5"/>
      <file name="loginForm.js" path="/Users/olorunwalawrence/Desktop/banka-frontend/src/components/login/loginForm.js">
        <metrics statements="25" coveredstatements="17" conditionals="12" coveredconditionals="9" methods="6" coveredmethods="4"/>
        <line num="10" count="2" type="stmt"/>
        <line num="13" count="2" type="stmt"/>
        <line num="14" count="2" type="stmt"/>
        <line num="15" count="2" type="stmt"/>
        <line num="16" count="2" type="cond" truecount="3" falsecount="1"/>
        <line num="17" count="0" type="stmt"/>
        <line num="20" count="2" type="stmt"/>
        <line num="21" count="0" type="stmt"/>
        <line num="22" count="0" type="stmt"/>
        <line num="24" count="2" type="stmt"/>
        <line num="25" count="0" type="stmt"/>
        <line num="26" count="0" type="stmt"/>
        <line num="27" count="0" type="stmt"/>
        <line num="29" count="2" type="stmt"/>
        <line num="30" count="7" type="stmt"/>
        <line num="31" count="7" type="cond" truecount="3" falsecount="1"/>
        <line num="32" count="0" type="stmt"/>
        <line num="34" count="7" type="cond" truecount="1" falsecount="1"/>
        <line num="35" count="7" type="stmt"/>
        <line num="37" count="0" type="stmt"/>
        <line num="39" count="2" type="stmt"/>
        <line num="40" count="7" type="stmt"/>
        <line num="66" count="2" type="stmt"/>
        <line num="73" count="7" type="stmt"/>
        <line num="78" count="2" type="stmt"/>
      </file>
      <file name="loginLayout.js" path="/Users/olorunwalawrence/Desktop/banka-frontend/src/components/login/loginLayout.js">
        <metrics statements="2" coveredstatements="2" conditionals="0" coveredconditionals="0" methods="1" coveredmethods="1"/>
        <line num="6" count="2" type="stmt"/>
        <line num="7" count="2" type="stmt"/>
      </file>
    </package>
    <package name="src.components.openAccount">
      <metrics statements="21" coveredstatements="17" conditionals="8" coveredconditionals="6" methods="7" coveredmethods="5"/>
      <file name="createForm.js" path="/Users/olorunwalawrence/Desktop/banka-frontend/src/components/openAccount/createForm.js">
        <metrics statements="16" coveredstatements="12" conditionals="6" coveredconditionals="4" methods="5" coveredmethods="3"/>
        <line num="7" count="5" type="stmt"/>
        <line num="8" count="5" type="stmt"/>
        <line num="9" count="0" type="stmt"/>
        <line num="11" count="5" type="stmt"/>
        <line num="12" count="0" type="stmt"/>
        <line num="13" count="0" type="stmt"/>
        <line num="15" count="5" type="stmt"/>
        <line num="16" count="5" type="cond" truecount="1" falsecount="1"/>
        <line num="17" count="0" type="stmt"/>
        <line num="18" count="5" type="cond" truecount="2" falsecount="0"/>
        <line num="19" count="1" type="stmt"/>
        <line num="21" count="4" type="stmt"/>
        <line num="25" count="5" type="stmt"/>
        <line num="59" count="2" type="stmt"/>
        <line num="66" count="17" type="stmt"/>
        <line num="72" count="2" type="stmt"/>
      </file>
      <file name="openAccountLayout.js" path="/Users/olorunwalawrence/Desktop/banka-frontend/src/components/openAccount/openAccountLayout.js">
        <metrics statements="5" coveredstatements="5" conditionals="2" coveredconditionals="2" methods="2" coveredmethods="2"/>
        <line num="9" count="2" type="stmt"/>
        <line num="11" count="4" type="stmt"/>
        <line num="28" count="4" type="stmt"/>
        <line num="33" count="2" type="stmt"/>
        <line num="37" count="10" type="stmt"/>
      </file>
    </package>
    <package name="src.components.signup">
      <metrics statements="27" coveredstatements="19" conditionals="10" coveredconditionals="7" methods="7" coveredmethods="5"/>
      <file name="signup.js" path="/Users/olorunwalawrence/Desktop/banka-frontend/src/components/signup/signup.js">
        <metrics statements="25" coveredstatements="17" conditionals="10" coveredconditionals="7" methods="6" coveredmethods="4"/>
        <line num="10" count="3" type="stmt"/>
        <line num="13" count="3" type="stmt"/>
        <line num="14" count="3" type="stmt"/>
        <line num="15" count="3" type="stmt"/>
        <line num="16" count="3" type="cond" truecount="1" falsecount="1"/>
        <line num="17" count="0" type="stmt"/>
        <line num="20" count="3" type="stmt"/>
        <line num="21" count="0" type="stmt"/>
        <line num="22" count="0" type="stmt"/>
        <line num="24" count="3" type="stmt"/>
        <line num="25" count="0" type="stmt"/>
        <line num="26" count="0" type="stmt"/>
        <line num="27" count="0" type="stmt"/>
        <line num="29" count="3" type="stmt"/>
        <line num="30" count="11" type="stmt"/>
        <line num="31" count="11" type="cond" truecount="3" falsecount="1"/>
        <line num="32" count="0" type="stmt"/>
        <line num="34" count="11" type="cond" truecount="1" falsecount="1"/>
        <line num="35" count="11" type="stmt"/>
        <line num="37" count="0" type="stmt"/>
        <line num="40" count="3" type="stmt"/>
        <line num="41" count="11" type="stmt"/>
        <line num="84" count="2" type="stmt"/>
        <line num="91" count="11" type="stmt"/>
        <line num="96" count="2" type="stmt"/>
      </file>
      <file name="signupLayout.js" path="/Users/olorunwalawrence/Desktop/banka-frontend/src/components/signup/signupLayout.js">
        <metrics statements="2" coveredstatements="2" conditionals="0" coveredconditionals="0" methods="1" coveredmethods="1"/>
        <line num="5" count="2" type="stmt"/>
        <line num="6" count="2" type="stmt"/>
      </file>
    </package>
    <package name="src.components.userDashboard">
      <metrics statements="14" coveredstatements="14" conditionals="4" coveredconditionals="4" methods="5" coveredmethods="5"/>
      <file name="dashboard.js" path="/Users/olorunwalawrence/Desktop/banka-frontend/src/components/userDashboard/dashboard.js">
        <metrics statements="14" coveredstatements="14" conditionals="4" coveredconditionals="4" methods="5" coveredmethods="5"/>
        <line num="9" count="2" type="stmt"/>
        <line num="10" count="5" type="stmt"/>
        <line num="11" count="1" type="stmt"/>
        <line num="35" count="4" type="stmt"/>
        <line num="36" count="4" type="stmt"/>
        <line num="37" count="4" type="stmt"/>
        <line num="38" count="4" type="stmt"/>
        <line num="40" count="4" type="stmt"/>
        <line num="41" count="7" type="stmt"/>
        <line num="43" count="7" type="stmt"/>
        <line num="60" count="7" type="stmt"/>
        <line num="66" count="2" type="stmt"/>
        <line num="75" count="13" type="stmt"/>
        <line num="81" count="2" type="stmt"/>
      </file>
    </package>
    <package name="src.pages">
      <metrics statements="6" coveredstatements="6" conditionals="0" coveredconditionals="0" methods="5" coveredmethods="5"/>
      <file name="LandingPage.js" path="/Users/olorunwalawrence/Desktop/banka-frontend/src/pages/LandingPage.js">
        <metrics statements="1" coveredstatements="1" conditionals="0" coveredconditionals="0" methods="1" coveredmethods="1"/>
        <line num="6" count="1" type="stmt"/>
      </file>
      <file name="index.js" path="/Users/olorunwalawrence/Desktop/banka-frontend/src/pages/index.js">
        <metrics statements="0" coveredstatements="0" conditionals="0" coveredconditionals="0" methods="0" coveredmethods="0"/>
      </file>
      <file name="loginPage.js" path="/Users/olorunwalawrence/Desktop/banka-frontend/src/pages/loginPage.js">
        <metrics statements="1" coveredstatements="1" conditionals="0" coveredconditionals="0" methods="1" coveredmethods="1"/>
        <line num="5" count="1" type="stmt"/>
      </file>
      <file name="openAccountPage.js" path="/Users/olorunwalawrence/Desktop/banka-frontend/src/pages/openAccountPage.js">
        <metrics statements="1" coveredstatements="1" conditionals="0" coveredconditionals="0" methods="1" coveredmethods="1"/>
        <line num="5" count="1" type="stmt"/>
      </file>
      <file name="sigupPage.js" path="/Users/olorunwalawrence/Desktop/banka-frontend/src/pages/sigupPage.js">
        <metrics statements="2" coveredstatements="2" conditionals="0" coveredconditionals="0" methods="1" coveredmethods="1"/>
        <line num="4" count="1" type="stmt"/>
        <line num="5" count="1" type="stmt"/>
      </file>
      <file name="userHomePage.js" path="/Users/olorunwalawrence/Desktop/banka-frontend/src/pages/userHomePage.js">
        <metrics statements="1" coveredstatements="1" conditionals="0" coveredconditionals="0" methods="1" coveredmethods="1"/>
        <line num="5" count="1" type="stmt"/>
      </file>
    </package>
    <package name="src.routes">
      <metrics statements="1" coveredstatements="1" conditionals="0" coveredconditionals="0" methods="1" coveredmethods="1"/>
      <file name="appRoutes.js" path="/Users/olorunwalawrence/Desktop/banka-frontend/src/routes/appRoutes.js">
        <metrics statements="1" coveredstatements="1" conditionals="0" coveredconditionals="0" methods="1" coveredmethods="1"/>
        <line num="12" count="1" type="stmt"/>
      </file>
    </package>
    <package name="test">
      <metrics statements="1" coveredstatements="1" conditionals="0" coveredconditionals="0" methods="0" coveredmethods="0"/>
      <file name="enzyme.js" path="/Users/olorunwalawrence/Desktop/banka-frontend/test/enzyme.js">
        <metrics statements="1" coveredstatements="1" conditionals="0" coveredconditionals="0" methods="0" coveredmethods="0"/>
        <line num="7" count="5" type="stmt"/>
      </file>
    </package>
  </project>
</coverage>
