{"/Users/olorunwalawrence/Desktop/banka-frontend/src/App.js": {"path":"/Users/olorunwalawrence/Desktop/banka-frontend/src/App.js","statementMap":{"0":{"start":{"line":5,"column":12},"end":{"line":11,"column":1}},"1":{"start":{"line":7,"column":4},"end":{"line":9,"column":7}}},"fnMap":{"0":{"name":"(anonymous_0)","decl":{"start":{"line":5,"column":12},"end":{"line":5,"column":13}},"loc":{"start":{"line":7,"column":4},"end":{"line":9,"column":7}},"line":7}},"branchMap":{},"s":{"0":0,"1":0},"f":{"0":0},"b":{},"hash":"3f510a6d293490283cae61d4ee0e7fa63a568196"}
,"/Users/olorunwalawrence/Desktop/banka-frontend/src/components/header.js": {"path":"/Users/olorunwalawrence/Desktop/banka-frontend/src/components/header.js","statementMap":{"0":{"start":{"line":7,"column":22},"end":{"line":15,"column":1}},"1":{"start":{"line":8,"column":2},"end":{"line":14,"column":5}},"2":{"start":{"line":17,"column":20},"end":{"line":20,"column":1}},"3":{"start":{"line":18,"column":14},"end":{"line":18,"column":50}},"4":{"start":{"line":19,"column":2},"end":{"line":19,"column":89}},"5":{"start":{"line":21,"column":19},"end":{"line":38,"column":1}},"6":{"start":{"line":22,"column":2},"end":{"line":37,"column":5}},"7":{"start":{"line":39,"column":0},"end":{"line":41,"column":1}}},"fnMap":{"0":{"name":"(anonymous_0)","decl":{"start":{"line":7,"column":22},"end":{"line":7,"column":23}},"loc":{"start":{"line":8,"column":2},"end":{"line":14,"column":5}},"line":8},"1":{"name":"(anonymous_1)","decl":{"start":{"line":17,"column":20},"end":{"line":17,"column":21}},"loc":{"start":{"line":17,"column":26},"end":{"line":20,"column":1}},"line":17},"2":{"name":"(anonymous_2)","decl":{"start":{"line":21,"column":19},"end":{"line":21,"column":20}},"loc":{"start":{"line":22,"column":2},"end":{"line":37,"column":5}},"line":22}},"branchMap":{"0":{"loc":{"start":{"line":19,"column":2},"end":{"line":19,"column":89}},"type":"cond-expr","locations":[{"start":{"line":19,"column":33},"end":{"line":19,"column":60}},{"start":{"line":19,"column":63},"end":{"line":19,"column":89}}],"line":19}},"s":{"0":0,"1":0,"2":0,"3":0,"4":0,"5":0,"6":0,"7":0},"f":{"0":0,"1":0,"2":0},"b":{"0":[0,0]},"hash":"9622ce2e2cef83daccd952677335919853ca93fa"}
,"/Users/olorunwalawrence/Desktop/banka-frontend/src/components/styles.js": {"path":"/Users/olorunwalawrence/Desktop/banka-frontend/src/components/styles.js","statementMap":{"0":{"start":{"line":1,"column":27},"end":{"line":3,"column":1}},"1":{"start":{"line":5,"column":27},"end":{"line":7,"column":1}}},"fnMap":{},"branchMap":{},"s":{"0":0,"1":0},"f":{},"b":{},"hash":"1e0042450683813f157073840fcfe17af2f97fc9"}
,"/Users/olorunwalawrence/Desktop/banka-frontend/src/components/login/loginForm.js": {"path":"/Users/olorunwalawrence/Desktop/banka-frontend/src/components/login/loginForm.js","statementMap":{"0":{"start":{"line":10,"column":10},"end":{"line":12,"column":3}},"1":{"start":{"line":13,"column":22},"end":{"line":19,"column":3}},"2":{"start":{"line":14,"column":51},"end":{"line":14,"column":61}},"3":{"start":{"line":15,"column":4},"end":{"line":15,"column":25}},"4":{"start":{"line":16,"column":4},"end":{"line":18,"column":5}},"5":{"start":{"line":17,"column":6},"end":{"line":17,"column":36}},"6":{"start":{"line":20,"column":17},"end":{"line":23,"column":3}},"7":{"start":{"line":21,"column":4},"end":{"line":21,"column":27}},"8":{"start":{"line":22,"column":4},"end":{"line":22,"column":60}},"9":{"start":{"line":24,"column":10},"end":{"line":28,"column":3}},"10":{"start":{"line":25,"column":4},"end":{"line":25,"column":27}},"11":{"start":{"line":26,"column":33},"end":{"line":26,"column":43}},"12":{"start":{"line":27,"column":4},"end":{"line":27,"column":39}},"13":{"start":{"line":29,"column":25},"end":{"line":38,"column":3}},"14":{"start":{"line":30,"column":28},"end":{"line":30,"column":38}},"15":{"start":{"line":31,"column":4},"end":{"line":33,"column":5}},"16":{"start":{"line":32,"column":6},"end":{"line":32,"column":36}},"17":{"start":{"line":34,"column":4},"end":{"line":36,"column":5}},"18":{"start":{"line":35,"column":6},"end":{"line":35,"column":25}},"19":{"start":{"line":37,"column":4},"end":{"line":37,"column":73}},"20":{"start":{"line":39,"column":11},"end":{"line":63,"column":3}},"21":{"start":{"line":40,"column":4},"end":{"line":62,"column":6}},"22":{"start":{"line":66,"column":0},"end":{"line":72,"column":1}},"23":{"start":{"line":73,"column":24},"end":{"line":77,"column":2}},"24":{"start":{"line":73,"column":34},"end":{"line":77,"column":1}},"25":{"start":{"line":78,"column":27},"end":{"line":81,"column":1}}},"fnMap":{"0":{"name":"(anonymous_0)","decl":{"start":{"line":13,"column":22},"end":{"line":13,"column":23}},"loc":{"start":{"line":13,"column":34},"end":{"line":19,"column":3}},"line":13},"1":{"name":"(anonymous_1)","decl":{"start":{"line":20,"column":17},"end":{"line":20,"column":18}},"loc":{"start":{"line":20,"column":26},"end":{"line":23,"column":3}},"line":20},"2":{"name":"(anonymous_2)","decl":{"start":{"line":24,"column":10},"end":{"line":24,"column":11}},"loc":{"start":{"line":24,"column":25},"end":{"line":28,"column":3}},"line":24},"3":{"name":"(anonymous_3)","decl":{"start":{"line":29,"column":25},"end":{"line":29,"column":26}},"loc":{"start":{"line":29,"column":31},"end":{"line":38,"column":3}},"line":29},"4":{"name":"(anonymous_4)","decl":{"start":{"line":39,"column":11},"end":{"line":39,"column":12}},"loc":{"start":{"line":39,"column":17},"end":{"line":63,"column":3}},"line":39},"5":{"name":"(anonymous_5)","decl":{"start":{"line":73,"column":24},"end":{"line":73,"column":25}},"loc":{"start":{"line":73,"column":34},"end":{"line":77,"column":1}},"line":73}},"branchMap":{"0":{"loc":{"start":{"line":16,"column":4},"end":{"line":18,"column":5}},"type":"if","locations":[{"start":{"line":16,"column":4},"end":{"line":18,"column":5}},{"start":{"line":16,"column":4},"end":{"line":18,"column":5}}],"line":16},"1":{"loc":{"start":{"line":16,"column":8},"end":{"line":16,"column":53}},"type":"binary-expr","locations":[{"start":{"line":16,"column":8},"end":{"line":16,"column":28}},{"start":{"line":16,"column":32},"end":{"line":16,"column":53}}],"line":16},"2":{"loc":{"start":{"line":31,"column":4},"end":{"line":33,"column":5}},"type":"if","locations":[{"start":{"line":31,"column":4},"end":{"line":33,"column":5}},{"start":{"line":31,"column":4},"end":{"line":33,"column":5}}],"line":31},"3":{"loc":{"start":{"line":31,"column":8},"end":{"line":31,"column":38}},"type":"binary-expr","locations":[{"start":{"line":31,"column":8},"end":{"line":31,"column":20}},{"start":{"line":31,"column":24},"end":{"line":31,"column":38}}],"line":31},"4":{"loc":{"start":{"line":34,"column":4},"end":{"line":36,"column":5}},"type":"if","locations":[{"start":{"line":34,"column":4},"end":{"line":36,"column":5}},{"start":{"line":34,"column":4},"end":{"line":36,"column":5}}],"line":34},"5":{"loc":{"start":{"line":44,"column":15},"end":{"line":44,"column":109}},"type":"cond-expr","locations":[{"start":{"line":44,"column":38},"end":{"line":44,"column":102}},{"start":{"line":44,"column":105},"end":{"line":44,"column":109}}],"line":44}},"s":{"0":0,"1":0,"2":0,"3":0,"4":0,"5":0,"6":0,"7":0,"8":0,"9":0,"10":0,"11":0,"12":0,"13":0,"14":0,"15":0,"16":0,"17":0,"18":0,"19":0,"20":0,"21":0,"22":0,"23":0,"24":0,"25":0},"f":{"0":0,"1":0,"2":0,"3":0,"4":0,"5":0},"b":{"0":[0,0],"1":[0,0],"2":[0,0],"3":[0,0],"4":[0,0],"5":[0,0]},"hash":"3a64ccbcd4197d41c4b687fef128ac2da0f4a43f"}
,"/Users/olorunwalawrence/Desktop/banka-frontend/src/components/login/loginLayout.js": {"path":"/Users/olorunwalawrence/Desktop/banka-frontend/src/components/login/loginLayout.js","statementMap":{"0":{"start":{"line":6,"column":20},"end":{"line":19,"column":1}},"1":{"start":{"line":7,"column":1},"end":{"line":18,"column":2}}},"fnMap":{"0":{"name":"(anonymous_0)","decl":{"start":{"line":6,"column":20},"end":{"line":6,"column":21}},"loc":{"start":{"line":6,"column":26},"end":{"line":19,"column":1}},"line":6}},"branchMap":{},"s":{"0":0,"1":0},"f":{"0":0},"b":{},"hash":"b5a2b15c7b4e8b42704d3f2d4371a3557c6c65fa"}
,"/Users/olorunwalawrence/Desktop/banka-frontend/src/components/openAccount/createForm.js": {"path":"/Users/olorunwalawrence/Desktop/banka-frontend/src/components/openAccount/createForm.js","statementMap":{"0":{"start":{"line":7,"column":10},"end":{"line":7,"column":22}},"1":{"start":{"line":8,"column":11},"end":{"line":10,"column":3}},"2":{"start":{"line":9,"column":4},"end":{"line":9,"column":48}},"3":{"start":{"line":11,"column":16},"end":{"line":14,"column":3}},"4":{"start":{"line":12,"column":4},"end":{"line":12,"column":27}},"5":{"start":{"line":13,"column":4},"end":{"line":13,"column":52}},"6":{"start":{"line":15,"column":16},"end":{"line":23,"column":3}},"7":{"start":{"line":16,"column":4},"end":{"line":22,"column":5}},"8":{"start":{"line":17,"column":6},"end":{"line":17,"column":73}},"9":{"start":{"line":18,"column":11},"end":{"line":22,"column":5}},"10":{"start":{"line":19,"column":6},"end":{"line":19,"column":76}},"11":{"start":{"line":21,"column":6},"end":{"line":21,"column":24}},"12":{"start":{"line":25,"column":4},"end":{"line":55,"column":6}},"13":{"start":{"line":59,"column":0},"end":{"line":65,"column":1}},"14":{"start":{"line":66,"column":19},"end":{"line":71,"column":2}},"15":{"start":{"line":66,"column":29},"end":{"line":71,"column":1}},"16":{"start":{"line":72,"column":22},"end":{"line":74,"column":1}}},"fnMap":{"0":{"name":"(anonymous_0)","decl":{"start":{"line":8,"column":11},"end":{"line":8,"column":12}},"loc":{"start":{"line":8,"column":20},"end":{"line":10,"column":3}},"line":8},"1":{"name":"(anonymous_1)","decl":{"start":{"line":11,"column":16},"end":{"line":11,"column":17}},"loc":{"start":{"line":11,"column":31},"end":{"line":14,"column":3}},"line":11},"2":{"name":"(anonymous_2)","decl":{"start":{"line":15,"column":16},"end":{"line":15,"column":17}},"loc":{"start":{"line":15,"column":22},"end":{"line":23,"column":3}},"line":15},"3":{"name":"(anonymous_3)","decl":{"start":{"line":24,"column":2},"end":{"line":24,"column":3}},"loc":{"start":{"line":24,"column":11},"end":{"line":56,"column":3}},"line":24},"4":{"name":"(anonymous_4)","decl":{"start":{"line":66,"column":19},"end":{"line":66,"column":20}},"loc":{"start":{"line":66,"column":29},"end":{"line":71,"column":1}},"line":66}},"branchMap":{"0":{"loc":{"start":{"line":16,"column":4},"end":{"line":22,"column":5}},"type":"if","locations":[{"start":{"line":16,"column":4},"end":{"line":22,"column":5}},{"start":{"line":16,"column":4},"end":{"line":22,"column":5}}],"line":16},"1":{"loc":{"start":{"line":18,"column":11},"end":{"line":22,"column":5}},"type":"if","locations":[{"start":{"line":18,"column":11},"end":{"line":22,"column":5}},{"start":{"line":18,"column":11},"end":{"line":22,"column":5}}],"line":18},"2":{"loc":{"start":{"line":32,"column":17},"end":{"line":32,"column":111}},"type":"cond-expr","locations":[{"start":{"line":32,"column":40},"end":{"line":32,"column":104}},{"start":{"line":32,"column":107},"end":{"line":32,"column":111}}],"line":32}},"s":{"0":0,"1":0,"2":0,"3":0,"4":0,"5":0,"6":0,"7":0,"8":0,"9":0,"10":0,"11":0,"12":0,"13":0,"14":0,"15":0,"16":0},"f":{"0":0,"1":0,"2":0,"3":0,"4":0},"b":{"0":[0,0],"1":[0,0],"2":[0,0]},"hash":"90b2c3fc6aff9e0d0a19dd6473c8c0891f64e751"}
,"/Users/olorunwalawrence/Desktop/banka-frontend/src/components/openAccount/openAccountLayout.js": {"path":"/Users/olorunwalawrence/Desktop/banka-frontend/src/components/openAccount/openAccountLayout.js","statementMap":{"0":{"start":{"line":9,"column":15},"end":{"line":31,"column":1}},"1":{"start":{"line":11,"column":4},"end":{"line":25,"column":7}},"2":{"start":{"line":28,"column":2},"end":{"line":30,"column":3}},"3":{"start":{"line":33,"column":0},"end":{"line":35,"column":2}},"4":{"start":{"line":37,"column":19},"end":{"line":39,"column":2}},"5":{"start":{"line":37,"column":29},"end":{"line":39,"column":1}}},"fnMap":{"0":{"name":"(anonymous_0)","decl":{"start":{"line":9,"column":15},"end":{"line":9,"column":16}},"loc":{"start":{"line":9,"column":24},"end":{"line":31,"column":1}},"line":9},"1":{"name":"(anonymous_1)","decl":{"start":{"line":37,"column":19},"end":{"line":37,"column":20}},"loc":{"start":{"line":37,"column":29},"end":{"line":39,"column":1}},"line":37}},"branchMap":{"0":{"loc":{"start":{"line":29,"column":4},"end":{"line":29,"column":55}},"type":"cond-expr","locations":[{"start":{"line":29,"column":24},"end":{"line":29,"column":48}},{"start":{"line":29,"column":51},"end":{"line":29,"column":55}}],"line":29}},"s":{"0":0,"1":0,"2":0,"3":0,"4":0,"5":0},"f":{"0":0,"1":0},"b":{"0":[0,0]},"hash":"98d12bef44a1dde1c748fe05206b5bdc388d75d9"}
,"/Users/olorunwalawrence/Desktop/banka-frontend/src/components/signup/signup.js": {"path":"/Users/olorunwalawrence/Desktop/banka-frontend/src/components/signup/signup.js","statementMap":{"0":{"start":{"line":10,"column":10},"end":{"line":12,"column":3}},"1":{"start":{"line":13,"column":22},"end":{"line":19,"column":3}},"2":{"start":{"line":14,"column":51},"end":{"line":14,"column":61}},"3":{"start":{"line":15,"column":4},"end":{"line":15,"column":25}},"4":{"start":{"line":16,"column":4},"end":{"line":18,"column":5}},"5":{"start":{"line":17,"column":6},"end":{"line":17,"column":29}},"6":{"start":{"line":20,"column":17},"end":{"line":23,"column":3}},"7":{"start":{"line":21,"column":4},"end":{"line":21,"column":63}},"8":{"start":{"line":22,"column":4},"end":{"line":22,"column":11}},"9":{"start":{"line":24,"column":11},"end":{"line":28,"column":3}},"10":{"start":{"line":25,"column":4},"end":{"line":25,"column":27}},"11":{"start":{"line":26,"column":4},"end":{"line":26,"column":47}},"12":{"start":{"line":27,"column":4},"end":{"line":27,"column":11}},"13":{"start":{"line":29,"column":25},"end":{"line":38,"column":3}},"14":{"start":{"line":30,"column":28},"end":{"line":30,"column":38}},"15":{"start":{"line":31,"column":4},"end":{"line":33,"column":5}},"16":{"start":{"line":32,"column":6},"end":{"line":32,"column":36}},"17":{"start":{"line":34,"column":4},"end":{"line":36,"column":5}},"18":{"start":{"line":35,"column":6},"end":{"line":35,"column":25}},"19":{"start":{"line":37,"column":4},"end":{"line":37,"column":73}},"20":{"start":{"line":39,"column":11},"end":{"line":75,"column":3}},"21":{"start":{"line":40,"column":4},"end":{"line":74,"column":6}},"22":{"start":{"line":78,"column":0},"end":{"line":84,"column":1}},"23":{"start":{"line":85,"column":24},"end":{"line":89,"column":2}},"24":{"start":{"line":85,"column":34},"end":{"line":89,"column":1}},"25":{"start":{"line":90,"column":27},"end":{"line":93,"column":1}}},"fnMap":{"0":{"name":"(anonymous_0)","decl":{"start":{"line":13,"column":22},"end":{"line":13,"column":23}},"loc":{"start":{"line":13,"column":34},"end":{"line":19,"column":3}},"line":13},"1":{"name":"(anonymous_1)","decl":{"start":{"line":20,"column":17},"end":{"line":20,"column":18}},"loc":{"start":{"line":20,"column":32},"end":{"line":23,"column":3}},"line":20},"2":{"name":"(anonymous_2)","decl":{"start":{"line":24,"column":11},"end":{"line":24,"column":12}},"loc":{"start":{"line":24,"column":26},"end":{"line":28,"column":3}},"line":24},"3":{"name":"(anonymous_3)","decl":{"start":{"line":29,"column":25},"end":{"line":29,"column":26}},"loc":{"start":{"line":29,"column":31},"end":{"line":38,"column":3}},"line":29},"4":{"name":"(anonymous_4)","decl":{"start":{"line":39,"column":11},"end":{"line":39,"column":12}},"loc":{"start":{"line":39,"column":17},"end":{"line":75,"column":3}},"line":39},"5":{"name":"(anonymous_5)","decl":{"start":{"line":85,"column":24},"end":{"line":85,"column":25}},"loc":{"start":{"line":85,"column":34},"end":{"line":89,"column":1}},"line":85}},"branchMap":{"0":{"loc":{"start":{"line":16,"column":4},"end":{"line":18,"column":5}},"type":"if","locations":[{"start":{"line":16,"column":4},"end":{"line":18,"column":5}},{"start":{"line":16,"column":4},"end":{"line":18,"column":5}}],"line":16},"1":{"loc":{"start":{"line":31,"column":4},"end":{"line":33,"column":5}},"type":"if","locations":[{"start":{"line":31,"column":4},"end":{"line":33,"column":5}},{"start":{"line":31,"column":4},"end":{"line":33,"column":5}}],"line":31},"2":{"loc":{"start":{"line":31,"column":8},"end":{"line":31,"column":38}},"type":"binary-expr","locations":[{"start":{"line":31,"column":8},"end":{"line":31,"column":20}},{"start":{"line":31,"column":24},"end":{"line":31,"column":38}}],"line":31},"3":{"loc":{"start":{"line":34,"column":4},"end":{"line":36,"column":5}},"type":"if","locations":[{"start":{"line":34,"column":4},"end":{"line":36,"column":5}},{"start":{"line":34,"column":4},"end":{"line":36,"column":5}}],"line":34},"4":{"loc":{"start":{"line":44,"column":15},"end":{"line":44,"column":109}},"type":"cond-expr","locations":[{"start":{"line":44,"column":38},"end":{"line":44,"column":102}},{"start":{"line":44,"column":105},"end":{"line":44,"column":109}}],"line":44}},"s":{"0":0,"1":0,"2":0,"3":0,"4":0,"5":0,"6":0,"7":0,"8":0,"9":0,"10":0,"11":0,"12":0,"13":0,"14":0,"15":0,"16":0,"17":0,"18":0,"19":0,"20":0,"21":0,"22":0,"23":0,"24":0,"25":0},"f":{"0":0,"1":0,"2":0,"3":0,"4":0,"5":0},"b":{"0":[0,0],"1":[0,0],"2":[0,0],"3":[0,0],"4":[0,0]},"hash":"1ad37e735dcfcda09aacf5e4c039b2bcbf0cb79d"}
,"/Users/olorunwalawrence/Desktop/banka-frontend/src/components/signup/signupLayout.js": {"path":"/Users/olorunwalawrence/Desktop/banka-frontend/src/components/signup/signupLayout.js","statementMap":{"0":{"start":{"line":5,"column":21},"end":{"line":15,"column":1}},"1":{"start":{"line":6,"column":6},"end":{"line":14,"column":8}}},"fnMap":{"0":{"name":"(anonymous_0)","decl":{"start":{"line":5,"column":21},"end":{"line":5,"column":22}},"loc":{"start":{"line":5,"column":27},"end":{"line":15,"column":1}},"line":5}},"branchMap":{},"s":{"0":0,"1":0},"f":{"0":0},"b":{},"hash":"278c7f59cc496fbe1cfd68175a665cd63f0c53c1"}
,"/Users/olorunwalawrence/Desktop/banka-frontend/src/components/userDashboard/dashboard.js": {"path":"/Users/olorunwalawrence/Desktop/banka-frontend/src/components/userDashboard/dashboard.js","statementMap":{"0":{"start":{"line":9,"column":25},"end":{"line":33,"column":1}},"1":{"start":{"line":10,"column":2},"end":{"line":32,"column":4}},"2":{"start":{"line":11,"column":4},"end":{"line":31,"column":6}},"3":{"start":{"line":35,"column":22},"end":{"line":39,"column":3}},"4":{"start":{"line":36,"column":75},"end":{"line":36,"column":85}},"5":{"start":{"line":37,"column":4},"end":{"line":37,"column":21}},"6":{"start":{"line":38,"column":4},"end":{"line":38,"column":26}},"7":{"start":{"line":40,"column":11},"end":{"line":63,"column":3}},"8":{"start":{"line":41,"column":42},"end":{"line":41,"column":52}},"9":{"start":{"line":43,"column":6},"end":{"line":57,"column":9}},"10":{"start":{"line":60,"column":4},"end":{"line":62,"column":5}},"11":{"start":{"line":66,"column":0},"end":{"line":74,"column":1}},"12":{"start":{"line":75,"column":24},"end":{"line":80,"column":2}},"13":{"start":{"line":75,"column":34},"end":{"line":80,"column":1}},"14":{"start":{"line":81,"column":27},"end":{"line":85,"column":1}}},"fnMap":{"0":{"name":"(anonymous_0)","decl":{"start":{"line":9,"column":25},"end":{"line":9,"column":26}},"loc":{"start":{"line":9,"column":45},"end":{"line":33,"column":1}},"line":9},"1":{"name":"(anonymous_1)","decl":{"start":{"line":10,"column":22},"end":{"line":10,"column":23}},"loc":{"start":{"line":10,"column":33},"end":{"line":32,"column":3}},"line":10},"2":{"name":"(anonymous_2)","decl":{"start":{"line":35,"column":22},"end":{"line":35,"column":23}},"loc":{"start":{"line":35,"column":34},"end":{"line":39,"column":3}},"line":35},"3":{"name":"(anonymous_3)","decl":{"start":{"line":40,"column":11},"end":{"line":40,"column":12}},"loc":{"start":{"line":40,"column":17},"end":{"line":63,"column":3}},"line":40},"4":{"name":"(anonymous_4)","decl":{"start":{"line":75,"column":24},"end":{"line":75,"column":25}},"loc":{"start":{"line":75,"column":34},"end":{"line":80,"column":1}},"line":75}},"branchMap":{"0":{"loc":{"start":{"line":54,"column":13},"end":{"line":54,"column":82}},"type":"cond-expr","locations":[{"start":{"line":54,"column":32},"end":{"line":54,"column":54}},{"start":{"line":54,"column":57},"end":{"line":54,"column":82}}],"line":54},"1":{"loc":{"start":{"line":61,"column":6},"end":{"line":61,"column":51}},"type":"cond-expr","locations":[{"start":{"line":61,"column":20},"end":{"line":61,"column":44}},{"start":{"line":61,"column":47},"end":{"line":61,"column":51}}],"line":61}},"s":{"0":0,"1":0,"2":0,"3":0,"4":0,"5":0,"6":0,"7":0,"8":0,"9":0,"10":0,"11":0,"12":0,"13":0,"14":0},"f":{"0":0,"1":0,"2":0,"3":0,"4":0},"b":{"0":[0,0],"1":[0,0]},"hash":"9b86d143c7ec3d0025e0c84c3c9b6a9adf9cd72f"}
,"/Users/olorunwalawrence/Desktop/banka-frontend/src/pages/LandingPage.js": {"path":"/Users/olorunwalawrence/Desktop/banka-frontend/src/pages/LandingPage.js","statementMap":{"0":{"start":{"line":6,"column":2},"end":{"line":21,"column":5}}},"fnMap":{"0":{"name":"(anonymous_0)","decl":{"start":{"line":5,"column":15},"end":{"line":5,"column":16}},"loc":{"start":{"line":6,"column":2},"end":{"line":21,"column":5}},"line":6}},"branchMap":{},"s":{"0":0},"f":{"0":0},"b":{},"hash":"66be94132349758ae48e4e1131d1571308b7a15a"}
,"/Users/olorunwalawrence/Desktop/banka-frontend/src/pages/index.js": {"path":"/Users/olorunwalawrence/Desktop/banka-frontend/src/pages/index.js","statementMap":{},"fnMap":{},"branchMap":{},"s":{},"f":{},"b":{},"hash":"eb93f3c016d1ea41ef3fb7280c605f5ae06f2abb"}
,"/Users/olorunwalawrence/Desktop/banka-frontend/src/pages/loginPage.js": {"path":"/Users/olorunwalawrence/Desktop/banka-frontend/src/pages/loginPage.js","statementMap":{"0":{"start":{"line":5,"column":2},"end":{"line":5,"column":17}}},"fnMap":{"0":{"name":"(anonymous_0)","decl":{"start":{"line":4,"column":15},"end":{"line":4,"column":16}},"loc":{"start":{"line":5,"column":2},"end":{"line":5,"column":17}},"line":5}},"branchMap":{},"s":{"0":0},"f":{"0":0},"b":{},"hash":"e505d0383610e270473c06b9534ad7f76eb25d8f"}
,"/Users/olorunwalawrence/Desktop/banka-frontend/src/pages/openAccountPage.js": {"path":"/Users/olorunwalawrence/Desktop/banka-frontend/src/pages/openAccountPage.js","statementMap":{"0":{"start":{"line":5,"column":2},"end":{"line":5,"column":12}}},"fnMap":{"0":{"name":"(anonymous_0)","decl":{"start":{"line":4,"column":15},"end":{"line":4,"column":16}},"loc":{"start":{"line":5,"column":2},"end":{"line":5,"column":12}},"line":5}},"branchMap":{},"s":{"0":0},"f":{"0":0},"b":{},"hash":"ced4aa1b1c7b3e9e9af65fc470f477bed2b2645b"}
,"/Users/olorunwalawrence/Desktop/banka-frontend/src/pages/sigupPage.js": {"path":"/Users/olorunwalawrence/Desktop/banka-frontend/src/pages/sigupPage.js","statementMap":{"0":{"start":{"line":4,"column":19},"end":{"line":6,"column":1}},"1":{"start":{"line":5,"column":2},"end":{"line":5,"column":18}}},"fnMap":{"0":{"name":"(anonymous_0)","decl":{"start":{"line":4,"column":19},"end":{"line":4,"column":20}},"loc":{"start":{"line":5,"column":2},"end":{"line":5,"column":18}},"line":5}},"branchMap":{},"s":{"0":0,"1":0},"f":{"0":0},"b":{},"hash":"b1cf2b5e2fb04fba8209f00e2bd885e89225d07e"}
,"/Users/olorunwalawrence/Desktop/banka-frontend/src/pages/userHomePage.js": {"path":"/Users/olorunwalawrence/Desktop/banka-frontend/src/pages/userHomePage.js","statementMap":{"0":{"start":{"line":5,"column":2},"end":{"line":5,"column":15}}},"fnMap":{"0":{"name":"(anonymous_0)","decl":{"start":{"line":4,"column":15},"end":{"line":4,"column":16}},"loc":{"start":{"line":5,"column":2},"end":{"line":5,"column":15}},"line":5}},"branchMap":{},"s":{"0":0},"f":{"0":0},"b":{},"hash":"6e7148c2bfab3bda938d0b441794ed88517060ae"}
,"/Users/olorunwalawrence/Desktop/banka-frontend/src/routes/appRoutes.js": {"path":"/Users/olorunwalawrence/Desktop/banka-frontend/src/routes/appRoutes.js","statementMap":{"0":{"start":{"line":12,"column":2},"end":{"line":20,"column":11}}},"fnMap":{"0":{"name":"(anonymous_0)","decl":{"start":{"line":11,"column":15},"end":{"line":11,"column":16}},"loc":{"start":{"line":12,"column":2},"end":{"line":20,"column":11}},"line":12}},"branchMap":{},"s":{"0":0},"f":{"0":0},"b":{},"hash":"dccc057be951fff888bd012a001eec4a7878f083"}
}
