TN:
SF:/Users/olorunwalawrence/Desktop/banka-frontend/src/App.js
FN:5,(anonymous_0)
FNF:1
FNH:1
FNDA:3,(anonymous_0)
DA:5,1
DA:7,3
LF:2
LH:2
BRF:0
BRH:0
end_of_record
TN:
SF:/Users/olorunwalawrence/Desktop/banka-frontend/src/components/header.js
FN:7,(anonymous_0)
FN:17,(anonymous_1)
FN:21,(anonymous_2)
FNF:3
FNH:2
FNDA:5,(anonymous_0)
FNDA:0,(anonymous_1)
FNDA:5,(anonymous_2)
DA:7,5
DA:8,5
DA:17,5
DA:18,0
DA:19,0
DA:21,5
DA:22,5
DA:39,5
LF:8
LH:6
BRDA:19,0,0,0
BRDA:19,0,1,0
BRF:2
BRH:0
end_of_record
TN:
SF:/Users/olorunwalawrence/Desktop/banka-frontend/src/components/styles.js
FNF:0
FNH:0
DA:1,5
DA:5,5
LF:2
LH:2
BRF:0
BRH:0
end_of_record
TN:
SF:/Users/olorunwalawrence/Desktop/banka-frontend/src/components/login/loginForm.js
FN:13,(anonymous_0)
FN:20,(anonymous_1)
FN:24,(anonymous_2)
FN:29,(anonymous_3)
FN:39,(anonymous_4)
FN:73,(anonymous_5)
FNF:6
FNH:4
FNDA:2,(anonymous_0)
FNDA:0,(anonymous_1)
FNDA:0,(anonymous_2)
FNDA:7,(anonymous_3)
FNDA:7,(anonymous_4)
FNDA:7,(anonymous_5)
DA:10,2
DA:13,2
DA:14,2
DA:15,2
DA:16,2
DA:17,0
DA:20,2
DA:21,0
DA:22,0
DA:24,2
DA:25,0
DA:26,0
DA:27,0
DA:29,2
DA:30,7
DA:31,7
DA:32,0
DA:34,7
DA:35,7
DA:37,0
DA:39,2
DA:40,7
DA:66,2
DA:73,7
DA:78,2
LF:25
LH:17
BRDA:16,0,0,0
BRDA:16,0,1,2
BRDA:16,1,0,2
BRDA:16,1,1,2
BRDA:31,2,0,0
BRDA:31,2,1,7
BRDA:31,3,0,7
BRDA:31,3,1,7
BRDA:34,4,0,7
BRDA:34,4,1,0
BRDA:44,5,0,1
BRDA:44,5,1,6
BRF:12
BRH:9
end_of_record
TN:
SF:/Users/olorunwalawrence/Desktop/banka-frontend/src/components/login/loginLayout.js
FN:6,(anonymous_0)
FNF:1
FNH:1
FNDA:2,(anonymous_0)
DA:6,2
DA:7,2
LF:2
LH:2
BRF:0
BRH:0
end_of_record
TN:
SF:/Users/olorunwalawrence/Desktop/banka-frontend/src/components/openAccount/createForm.js
FN:8,(anonymous_0)
FN:11,(anonymous_1)
FN:15,(anonymous_2)
FN:24,(anonymous_3)
FN:66,(anonymous_4)
FNF:5
FNH:3
FNDA:0,(anonymous_0)
FNDA:0,(anonymous_1)
FNDA:5,(anonymous_2)
FNDA:5,(anonymous_3)
FNDA:17,(anonymous_4)
DA:7,5
DA:8,5
DA:9,0
DA:11,5
DA:12,0
DA:13,0
DA:15,5
DA:16,5
DA:17,0
DA:18,5
DA:19,1
DA:21,4
DA:25,5
DA:59,2
DA:66,17
DA:72,2
LF:16
LH:12
BRDA:16,0,0,0
BRDA:16,0,1,5
BRDA:18,1,0,1
BRDA:18,1,1,4
BRDA:32,2,0,0
BRDA:32,2,1,5
BRF:6
BRH:4
end_of_record
TN:
SF:/Users/olorunwalawrence/Desktop/banka-frontend/src/components/openAccount/openAccountLayout.js
FN:9,(anonymous_0)
FN:37,(anonymous_1)
FNF:2
FNH:2
FNDA:4,(anonymous_0)
FNDA:10,(anonymous_1)
DA:9,2
DA:11,4
DA:28,4
DA:33,2
DA:37,10
LF:5
LH:5
BRDA:29,0,0,2
BRDA:29,0,1,2
BRF:2
BRH:2
end_of_record
TN:
SF:/Users/olorunwalawrence/Desktop/banka-frontend/src/components/signup/signup.js
FN:13,(anonymous_0)
FN:20,(anonymous_1)
FN:24,(anonymous_2)
FN:29,(anonymous_3)
FN:40,(anonymous_4)
FN:91,(anonymous_5)
FNF:6
FNH:4
FNDA:3,(anonymous_0)
FNDA:0,(anonymous_1)
FNDA:0,(anonymous_2)
FNDA:11,(anonymous_3)
FNDA:11,(anonymous_4)
FNDA:11,(anonymous_5)
DA:10,3
DA:13,3
DA:14,3
DA:15,3
DA:16,3
DA:17,0
DA:20,3
DA:21,0
DA:22,0
DA:24,3
DA:25,0
DA:26,0
DA:27,0
DA:29,3
DA:30,11
DA:31,11
DA:32,0
DA:34,11
DA:35,11
DA:37,0
DA:40,3
DA:41,11
DA:84,2
DA:91,11
DA:96,2
LF:25
LH:17
BRDA:16,0,0,0
BRDA:16,0,1,3
BRDA:31,1,0,0
BRDA:31,1,1,11
BRDA:31,2,0,11
BRDA:31,2,1,11
BRDA:34,3,0,11
BRDA:34,3,1,0
BRDA:45,4,0,1
BRDA:45,4,1,10
BRF:10
BRH:7
end_of_record
TN:
SF:/Users/olorunwalawrence/Desktop/banka-frontend/src/components/signup/signupLayout.js
FN:5,(anonymous_0)
FNF:1
FNH:1
FNDA:2,(anonymous_0)
DA:5,2
DA:6,2
LF:2
LH:2
BRF:0
BRH:0
end_of_record
TN:
SF:/Users/olorunwalawrence/Desktop/banka-frontend/src/components/userDashboard/dashboard.js
FN:9,(anonymous_0)
FN:10,(anonymous_1)
FN:35,(anonymous_2)
FN:40,(anonymous_3)
FN:75,(anonymous_4)
FNF:5
FNH:5
FNDA:5,(anonymous_0)
FNDA:1,(anonymous_1)
FNDA:4,(anonymous_2)
FNDA:7,(anonymous_3)
FNDA:13,(anonymous_4)
DA:9,2
DA:10,5
DA:11,1
DA:35,4
DA:36,4
DA:37,4
DA:38,4
DA:40,4
DA:41,7
DA:43,7
DA:60,7
DA:66,2
DA:75,13
DA:81,2
LF:14
LH:14
BRDA:54,0,0,3
BRDA:54,0,1,4
BRDA:61,1,0,5
BRDA:61,1,1,2
BRF:4
BRH:4
end_of_record
TN:
SF:/Users/olorunwalawrence/Desktop/banka-frontend/src/pages/LandingPage.js
FN:5,(anonymous_0)
FNF:1
FNH:1
FNDA:1,(anonymous_0)
DA:6,1
LF:1
LH:1
BRF:0
BRH:0
end_of_record
TN:
SF:/Users/olorunwalawrence/Desktop/banka-frontend/src/pages/index.js
FNF:0
FNH:0
LF:0
LH:0
BRF:0
BRH:0
end_of_record
TN:
SF:/Users/olorunwalawrence/Desktop/banka-frontend/src/pages/loginPage.js
FN:4,(anonymous_0)
FNF:1
FNH:1
FNDA:1,(anonymous_0)
DA:5,1
LF:1
LH:1
BRF:0
BRH:0
end_of_record
TN:
SF:/Users/olorunwalawrence/Desktop/banka-frontend/src/pages/openAccountPage.js
FN:4,(anonymous_0)
FNF:1
FNH:1
FNDA:1,(anonymous_0)
DA:5,1
LF:1
LH:1
BRF:0
BRH:0
end_of_record
TN:
SF:/Users/olorunwalawrence/Desktop/banka-frontend/src/pages/sigupPage.js
FN:4,(anonymous_0)
FNF:1
FNH:1
FNDA:1,(anonymous_0)
DA:4,1
DA:5,1
LF:2
LH:2
BRF:0
BRH:0
end_of_record
TN:
SF:/Users/olorunwalawrence/Desktop/banka-frontend/src/pages/userHomePage.js
FN:4,(anonymous_0)
FNF:1
FNH:1
FNDA:1,(anonymous_0)
DA:5,1
LF:1
LH:1
BRF:0
BRH:0
end_of_record
TN:
SF:/Users/olorunwalawrence/Desktop/banka-frontend/src/routes/appRoutes.js
FN:11,(anonymous_0)
FNF:1
FNH:1
FNDA:1,(anonymous_0)
DA:12,1
LF:1
LH:1
BRF:0
BRH:0
end_of_record
TN:
SF:/Users/olorunwalawrence/Desktop/banka-frontend/test/enzyme.js
FNF:0
FNH:0
DA:7,5
LF:1
LH:1
BRF:0
BRH:0
end_of_record
